  Source.cpp
C:\Program Files\Microsoft Visual Studio\2022\Community\VC\Tools\MSVC\14.34.31933\include\limits.h(70,5): warning C4668: '__STDC_WANT_SECURE_LIB__' is not defined as a preprocessor macro, replacing with '0' for '#if/#elif'
C:\Program Files\Microsoft Visual Studio\2022\Community\VC\Tools\MSVC\14.34.31933\include\xmemory(154,5): warning C4365: 'argument': conversion from 'long' to 'unsigned int', signed/unsigned mismatch
C:\Program Files\Microsoft Visual Studio\2022\Community\VC\Tools\MSVC\14.34.31933\include\xmemory(164,5): warning C4365: 'argument': conversion from 'long' to 'unsigned int', signed/unsigned mismatch
C:\Program Files\Microsoft Visual Studio\2022\Community\VC\Tools\MSVC\14.34.31933\include\atomic(93,9): warning C4365: 'argument': conversion from 'long' to 'unsigned int', signed/unsigned mismatch
C:\Program Files\Microsoft Visual Studio\2022\Community\VC\Tools\MSVC\14.34.31933\include\atomic(300,9): warning C4365: 'argument': conversion from 'long' to 'unsigned int', signed/unsigned mismatch
C:\Program Files\Microsoft Visual Studio\2022\Community\VC\Tools\MSVC\14.34.31933\include\atomic(316,9): warning C4365: 'argument': conversion from 'long' to 'unsigned int', signed/unsigned mismatch
C:\Program Files\Microsoft Visual Studio\2022\Community\VC\Tools\MSVC\14.34.31933\include\xlocale(2010,13): warning C5262: implicit fall-through occurs here; are you missing a break statement? Use [[fallthrough]] when a break statement is intentionally omitted between cases
C:\Program Files\Microsoft Visual Studio\2022\Community\VC\Tools\MSVC\14.34.31933\include\xlocale(2007,17): message : statement that may fall through is here
C:\Program Files\Microsoft Visual Studio\2022\Community\VC\Tools\MSVC\14.34.31933\include\xlocale(2210,13): warning C5262: implicit fall-through occurs here; are you missing a break statement? Use [[fallthrough]] when a break statement is intentionally omitted between cases
C:\Program Files\Microsoft Visual Studio\2022\Community\VC\Tools\MSVC\14.34.31933\include\xlocale(2207,17): message : statement that may fall through is here
C:\Users\CCame\source\repos\WizardRunes\WizardRunes\WizardRunes\Source.cpp(18,1): warning C4326: return type of 'main' should be 'int' instead of 'void'
C:\Program Files\Microsoft Visual Studio\2022\Community\VC\Tools\MSVC\14.34.31933\include\atomic(917,9): warning C5262: implicit fall-through occurs here; are you missing a break statement? Use [[fallthrough]] when a break statement is intentionally omitted between cases
C:\Program Files\Microsoft Visual Studio\2022\Community\VC\Tools\MSVC\14.34.31933\include\atomic(916,13): message : statement that may fall through is here
C:\Program Files\Microsoft Visual Studio\2022\Community\VC\Tools\MSVC\14.34.31933\include\atomic(912,1): message : while compiling class template member function 'void std::_Atomic_storage<_Ty,4>::store(const long,const std::memory_order) noexcept'
          with
          [
              _Ty=long
          ]
C:\Program Files\Microsoft Visual Studio\2022\Community\VC\Tools\MSVC\14.34.31933\include\atomic(2767,23): message : see reference to function template instantiation 'void std::_Atomic_storage<_Ty,4>::store(const long,const std::memory_order) noexcept' being compiled
          with
          [
              _Ty=long
          ]
C:\Program Files\Microsoft Visual Studio\2022\Community\VC\Tools\MSVC\14.34.31933\include\atomic(1417,1): message : see reference to class template instantiation 'std::_Atomic_storage<_Ty,4>' being compiled
          with
          [
              _Ty=long
          ]
C:\Program Files\Microsoft Visual Studio\2022\Community\VC\Tools\MSVC\14.34.31933\include\atomic(1607,1): message : see reference to class template instantiation 'std::_Atomic_integral<_Ty,4>' being compiled
          with
          [
              _Ty=long
          ]
C:\Program Files\Microsoft Visual Studio\2022\Community\VC\Tools\MSVC\14.34.31933\include\atomic(2085,1): message : see reference to class template instantiation 'std::_Atomic_integral_facade<_Ty>' being compiled
          with
          [
              _Ty=long
          ]
C:\Program Files\Microsoft Visual Studio\2022\Community\VC\Tools\MSVC\14.34.31933\include\atomic(2803,18): message : see reference to class template instantiation 'std::atomic<long>' being compiled
C:\Program Files\Microsoft Visual Studio\2022\Community\VC\Tools\MSVC\14.34.31933\include\xthreads.h(44,30): warning C5264: '_Mtx_internal_imp_alignment': 'const' variable is not used
C:\Program Files\Microsoft Visual Studio\2022\Community\VC\Tools\MSVC\14.34.31933\include\xthreads.h(45,30): warning C5264: '_Cnd_internal_imp_size': 'const' variable is not used
C:\Program Files\Microsoft Visual Studio\2022\Community\VC\Tools\MSVC\14.34.31933\include\xthreads.h(43,30): warning C5264: '_Mtx_internal_imp_size': 'const' variable is not used
C:\Program Files\Microsoft Visual Studio\2022\Community\VC\Tools\MSVC\14.34.31933\include\xthreads.h(46,30): warning C5264: '_Cnd_internal_imp_alignment': 'const' variable is not used
C:\Program Files\Microsoft Visual Studio\2022\Community\VC\Tools\MSVC\14.34.31933\include\atomic(240,36): warning C5264: 'std::_Form_mask': 'const' variable is not used
C:\Program Files\Microsoft Visual Studio\2022\Community\VC\Tools\MSVC\14.34.31933\include\xutility(5724,38): warning C5264: 'std::ranges::find_if_not': 'const' variable is not used
C:\Program Files\Microsoft Visual Studio\2022\Community\VC\Tools\MSVC\14.34.31933\include\memory(749,60): warning C5264: 'std::ranges::uninitialized_default_construct_n': 'const' variable is not used
C:\Program Files\Microsoft Visual Studio\2022\Community\VC\Tools\MSVC\14.34.31933\include\xutility(5258,31): warning C5264: 'std::ranges::find': 'const' variable is not used
C:\Program Files\Microsoft Visual Studio\2022\Community\VC\Tools\MSVC\14.34.31933\include\memory(326,47): warning C5264: 'std::ranges::uninitialized_move_n': 'const' variable is not used
C:\Program Files\Microsoft Visual Studio\2022\Community\VC\Tools\MSVC\14.34.31933\include\xutility(2743,31): warning C5264: 'std::ranges::prev': 'const' variable is not used
C:\Program Files\Microsoft Visual Studio\2022\Community\VC\Tools\MSVC\14.34.31933\include\memory(106,45): warning C5264: 'std::ranges::uninitialized_copy': 'const' variable is not used
C:\Program Files\Microsoft Visual Studio\2022\Community\VC\Tools\MSVC\14.34.31933\include\memory(871,58): warning C5264: 'std::ranges::uninitialized_value_construct_n': 'const' variable is not used
C:\Program Files\Microsoft Visual Studio\2022\Community\VC\Tools\MSVC\14.34.31933\include\memory(504,37): warning C5264: 'std::ranges::destroy_at': 'const' variable is not used
C:\Program Files\Microsoft Visual Studio\2022\Community\VC\Tools\MSVC\14.34.31933\include\memory(690,58): warning C5264: 'std::ranges::uninitialized_default_construct': 'const' variable is not used
C:\Program Files\Microsoft Visual Studio\2022\Community\VC\Tools\MSVC\14.34.31933\include\memory(241,45): warning C5264: 'std::ranges::uninitialized_move': 'const' variable is not used
C:\Program Files\Microsoft Visual Studio\2022\Community\VC\Tools\MSVC\14.34.31933\include\memory(482,39): warning C5264: 'std::ranges::construct_at': 'const' variable is not used
C:\Program Files\Microsoft Visual Studio\2022\Community\VC\Tools\MSVC\14.34.31933\include\memory(618,36): warning C5264: 'std::ranges::destroy_n': 'const' variable is not used
C:\Program Files\Microsoft Visual Studio\2022\Community\VC\Tools\MSVC\14.34.31933\include\memory(561,34): warning C5264: 'std::ranges::destroy': 'const' variable is not used
C:\Program Files\Microsoft Visual Studio\2022\Community\VC\Tools\MSVC\14.34.31933\include\memory(462,47): warning C5264: 'std::ranges::uninitialized_fill_n': 'const' variable is not used
C:\Program Files\Microsoft Visual Studio\2022\Community\VC\Tools\MSVC\14.34.31933\include\xutility(4812,35): warning C5264: 'std::ranges::mismatch': 'const' variable is not used
C:\Program Files\Microsoft Visual Studio\2022\Community\VC\Tools\MSVC\14.34.31933\include\xutility(2616,34): warning C5264: 'std::ranges::advance': 'const' variable is not used
C:\Program Files\Microsoft Visual Studio\2022\Community\VC\Tools\MSVC\14.34.31933\include\xutility(4094,31): warning C5264: 'std::ranges::copy': 'const' variable is not used
C:\Program Files\Microsoft Visual Studio\2022\Community\VC\Tools\MSVC\14.34.31933\include\memory(187,47): warning C5264: 'std::ranges::uninitialized_copy_n': 'const' variable is not used
C:\Program Files\Microsoft Visual Studio\2022\Community\VC\Tools\MSVC\14.34.31933\include\memory(384,45): warning C5264: 'std::ranges::uninitialized_fill': 'const' variable is not used
C:\Program Files\Microsoft Visual Studio\2022\Community\VC\Tools\MSVC\14.34.31933\include\xutility(5775,40): warning C5264: 'std::ranges::adjacent_find': 'const' variable is not used
C:\Program Files\Microsoft Visual Studio\2022\Community\VC\Tools\MSVC\14.34.31933\include\memory(823,56): warning C5264: 'std::ranges::uninitialized_value_construct': 'const' variable is not used
C:\Program Files\Microsoft Visual Studio\2022\Community\VC\Tools\MSVC\14.34.31933\include\xutility(2198,38): warning C5264: 'std::ranges::_Cpos::rend': 'const' variable is not used
C:\Program Files\Microsoft Visual Studio\2022\Community\VC\Tools\MSVC\14.34.31933\include\xutility(747,43): warning C5264: 'std::ranges::_Cpos::iter_swap': 'const' variable is not used
C:\Program Files\Microsoft Visual Studio\2022\Community\VC\Tools\MSVC\14.34.31933\include\xutility(2435,38): warning C5264: 'std::ranges::_Cpos::data': 'const' variable is not used
C:\Program Files\Microsoft Visual Studio\2022\Community\VC\Tools\MSVC\14.34.31933\include\xutility(2450,36): warning C5264: 'std::ranges::_Cpos::cdata': 'const' variable is not used
C:\Program Files\Microsoft Visual Studio\2022\Community\VC\Tools\MSVC\14.34.31933\include\xutility(2061,35): warning C5264: 'std::ranges::_Cpos::cend': 'const' variable is not used
C:\Program Files\Microsoft Visual Studio\2022\Community\VC\Tools\MSVC\14.34.31933\include\xutility(2046,37): warning C5264: 'std::ranges::_Cpos::cbegin': 'const' variable is not used
C:\Program Files\Microsoft Visual Studio\2022\Community\VC\Tools\MSVC\14.34.31933\include\xutility(2129,40): warning C5264: 'std::ranges::_Cpos::rbegin': 'const' variable is not used
C:\Program Files\Microsoft Visual Studio\2022\Community\VC\Tools\MSVC\14.34.31933\include\xutility(2684,36): warning C5264: 'std::ranges::_Cpos::ssize': 'const' variable is not used
C:\Program Files\Microsoft Visual Studio\2022\Community\VC\Tools\MSVC\14.34.31933\include\xutility(2213,38): warning C5264: 'std::ranges::_Cpos::crbegin': 'const' variable is not used
C:\Program Files\Microsoft Visual Studio\2022\Community\VC\Tools\MSVC\14.34.31933\include\xutility(2228,36): warning C5264: 'std::ranges::_Cpos::crend': 'const' variable is not used
C:\Program Files\Microsoft Visual Studio\2022\Community\VC\Tools\MSVC\14.34.31933\include\xutility(5920,33): warning C5264: 'std::ranges::search': 'const' variable is not used
C:\Program Files\Microsoft Visual Studio\2022\Community\VC\Tools\MSVC\14.34.31933\include\xutility(5677,34): warning C5264: 'std::ranges::find_if': 'const' variable is not used
C:\Program Files\Microsoft Visual Studio\2022\Community\VC\Tools\MSVC\14.34.31933\include\xutility(4468,33): warning C5264: 'std::ranges::fill_n': 'const' variable is not used
C:\Program Files\Microsoft Visual Studio\2022\Community\VC\Tools\MSVC\14.34.31933\include\xutility(2669,35): warning C5264: 'std::ranges::distance': 'const' variable is not used
C:\Program Files\Microsoft Visual Studio\2022\Community\VC\Tools\MSVC\14.34.31933\include\utility(127,39): warning C5264: 'std::allocator_arg': 'const' variable is not used
C:\Program Files\Microsoft Visual Studio\2022\Community\VC\Tools\MSVC\14.34.31933\include\type_traits(261,28): warning C5264: 'std::is_lvalue_reference_v<const unsigned __int64&>': 'const' variable is not used
C:\Program Files\Microsoft Visual Studio\2022\Community\VC\Tools\MSVC\14.34.31933\include\type_traits(261,28): warning C5264: 'std::is_lvalue_reference_v<const char*const &>': 'const' variable is not used
C:\Program Files\Microsoft Visual Studio\2022\Community\VC\Tools\MSVC\14.34.31933\include\type_traits(261,28): warning C5264: 'std::is_lvalue_reference_v<const wchar_t*const &>': 'const' variable is not used
C:\Program Files\Microsoft Visual Studio\2022\Community\VC\Tools\MSVC\14.34.31933\include\type_traits(261,28): warning C5264: 'std::is_lvalue_reference_v<const char8_t*const &>': 'const' variable is not used
C:\Program Files\Microsoft Visual Studio\2022\Community\VC\Tools\MSVC\14.34.31933\include\type_traits(261,28): warning C5264: 'std::is_lvalue_reference_v<const char16_t*const &>': 'const' variable is not used
C:\Program Files\Microsoft Visual Studio\2022\Community\VC\Tools\MSVC\14.34.31933\include\type_traits(261,28): warning C5264: 'std::is_lvalue_reference_v<const char32_t*const &>': 'const' variable is not used
C:\Program Files\Microsoft Visual Studio\2022\Community\VC\Tools\MSVC\14.34.31933\include\typeinfo(28,27): warning C5264: 'std::_Small_object_num_ptrs': 'const' variable is not used
C:\Program Files\Microsoft Visual Studio\2022\Community\VC\Tools\MSVC\14.34.31933\include\system_error(44,28): warning C5264: 'std::is_error_code_enum_v<int>': 'const' variable is not used
C:\Program Files\Microsoft Visual Studio\2022\Community\VC\Tools\MSVC\14.34.31933\include\system_error(44,28): warning C5264: 'std::is_error_code_enum_v<std::error_condition>': 'const' variable is not used
C:\Program Files\Microsoft Visual Studio\2022\Community\VC\Tools\MSVC\14.34.31933\include\system_error(44,28): warning C5264: 'std::is_error_code_enum_v<std::error_code>': 'const' variable is not used
C:\Program Files\Microsoft Visual Studio\2022\Community\VC\Tools\MSVC\14.34.31933\include\system_error(44,28): warning C5264: 'std::is_error_code_enum_v<std::system_error>': 'const' variable is not used
C:\Program Files\Microsoft Visual Studio\2022\Community\VC\Tools\MSVC\14.34.31933\include\xutility(3690,41): warning C5264: 'std::unreachable_sentinel': 'const' variable is not used
C:\Program Files\Microsoft Visual Studio\2022\Community\VC\Tools\MSVC\14.34.31933\include\type_traits(2054,23): warning C5264: 'std::_Is_trivially_swappable_v<std::byte>': 'const' variable is not used
C:\Program Files\Microsoft Visual Studio\2022\Community\VC\Tools\MSVC\14.34.31933\include\utility(670,29): warning C5264: 'std::in_place': 'const' variable is not used
C:\Program Files\Microsoft Visual Studio\2022\Community\VC\Tools\MSVC\14.34.31933\include\xtr1common(179,28): warning C5264: 'std::is_integral_v<double>': 'const' variable is not used
C:\Program Files\Microsoft Visual Studio\2022\Community\VC\Tools\MSVC\14.34.31933\include\new(26,38): warning C5264: 'std::destroying_delete': 'const' variable is not used
C:\Program Files\Microsoft Visual Studio\2022\Community\VC\Tools\MSVC\14.34.31933\include\xutility(4822,23): warning C5264: 'std::_Lex_compare_memcmp_classify_elements<std::byte,std::byte>': 'const' variable is not used
C:\Program Files\Microsoft Visual Studio\2022\Community\VC\Tools\MSVC\14.34.31933\include\xutility(4505,23): warning C5264: 'std::_Can_memcmp_elements<std::byte,std::byte,false>': 'const' variable is not used
C:\Program Files\Microsoft Visual Studio\2022\Community\VC\Tools\MSVC\14.34.31933\include\xutility(3677,37): warning C5264: 'std::default_sentinel': 'const' variable is not used
C:\Program Files\Microsoft Visual Studio\2022\Community\VC\Tools\MSVC\14.34.31933\include\new(39,25): warning C5264: 'std::hardware_destructive_interference_size': 'const' variable is not used
C:\Program Files\Microsoft Visual Studio\2022\Community\VC\Tools\MSVC\14.34.31933\include\xtr1common(196,28): warning C5264: 'std::is_arithmetic_v<double>': 'const' variable is not used
C:\Program Files\Microsoft Visual Studio\2022\Community\VC\Tools\MSVC\14.34.31933\include\xtr1common(196,28): warning C5264: 'std::is_arithmetic_v<float>': 'const' variable is not used
C:\Program Files\Microsoft Visual Studio\2022\Community\VC\Tools\MSVC\14.34.31933\include\xtr1common(196,28): warning C5264: 'std::is_arithmetic_v<long double>': 'const' variable is not used
C:\Program Files\Microsoft Visual Studio\2022\Community\VC\Tools\MSVC\14.34.31933\include\new(38,25): warning C5264: 'std::hardware_constructive_interference_size': 'const' variable is not used
C:\Program Files\Microsoft Visual Studio\2022\Community\VC\Tools\MSVC\14.34.31933\include\type_traits(64,28): warning C5264: 'std::conjunction_v<std::integral_constant<bool,true>,std::is_trivially_copyable<_Uint_type>,std::is_trivially_copyable<_Ty>>': 'const' variable is not used
          with
          [
              _Ty=float
          ]
C:\Program Files\Microsoft Visual Studio\2022\Community\VC\Tools\MSVC\14.34.31933\include\type_traits(64,28): warning C5264: 'std::conjunction_v<std::integral_constant<bool,true>,std::is_trivially_copyable<_Uint_type>,std::is_trivially_copyable<_Ty>>': 'const' variable is not used
          with
          [
              _Ty=double
          ]
C:\Program Files\Microsoft Visual Studio\2022\Community\VC\Tools\MSVC\14.34.31933\include\type_traits(64,28): warning C5264: 'std::conjunction_v<std::integral_constant<bool,true>,std::is_trivially_copyable<_Uint_type>,std::is_trivially_copyable<_Ty>>': 'const' variable is not used
          with
          [
              _Ty=long double
          ]
C:\Program Files\Microsoft Visual Studio\2022\Community\VC\Tools\MSVC\14.34.31933\include\type_traits(64,28): warning C5264: 'std::conjunction_v<std::integral_constant<bool,true>,std::is_trivially_copyable<_Ty>,std::is_trivially_copyable<_Uint_type>>': 'const' variable is not used
          with
          [
              _Ty=float
          ]
C:\Program Files\Microsoft Visual Studio\2022\Community\VC\Tools\MSVC\14.34.31933\include\type_traits(64,28): warning C5264: 'std::conjunction_v<std::integral_constant<bool,true>,std::is_trivially_copyable<_Ty>,std::is_trivially_copyable<_Uint_type>>': 'const' variable is not used
          with
          [
              _Ty=double
          ]
C:\Program Files\Microsoft Visual Studio\2022\Community\VC\Tools\MSVC\14.34.31933\include\type_traits(64,28): warning C5264: 'std::conjunction_v<std::integral_constant<bool,true>,std::is_trivially_copyable<_Ty>,std::is_trivially_copyable<_Uint_type>>': 'const' variable is not used
          with
          [
              _Ty=long double
          ]
C:\Program Files\Microsoft Visual Studio\2022\Community\VC\Tools\MSVC\14.34.31933\include\compare(830,60): warning C5264: 'std::_Cpos::compare_partial_order_fallback': 'const' variable is not used
C:\Program Files\Microsoft Visual Studio\2022\Community\VC\Tools\MSVC\14.34.31933\include\compare(713,59): warning C5264: 'std::_Cpos::compare_strong_order_fallback': 'const' variable is not used
C:\Program Files\Microsoft Visual Studio\2022\Community\VC\Tools\MSVC\14.34.31933\include\compare(653,43): warning C5264: 'std::_Cpos::partial_order': 'const' variable is not used
C:\Program Files\Microsoft Visual Studio\2022\Community\VC\Tools\MSVC\14.34.31933\include\compare(767,57): warning C5264: 'std::_Cpos::compare_weak_order_fallback': 'const' variable is not used
C:\Program Files\Microsoft Visual Studio\2022\Community\VC\Tools\MSVC\14.34.31933\include\compare(456,42): warning C5264: 'std::_Cpos::strong_order': 'const' variable is not used
C:\Program Files\Microsoft Visual Studio\2022\Community\VC\Tools\MSVC\14.34.31933\include\compare(576,40): warning C5264: 'std::_Cpos::weak_order': 'const' variable is not used
C:\Program Files\Microsoft Visual Studio\2022\Community\VC\Tools\MSVC\14.34.31933\include\type_traits(667,28): warning C5264: 'std::is_move_constructible_v<double>': 'const' variable is not used
C:\Program Files\Microsoft Visual Studio\2022\Community\VC\Tools\MSVC\14.34.31933\include\type_traits(667,28): warning C5264: 'std::is_move_constructible_v<float>': 'const' variable is not used
C:\Program Files\Microsoft Visual Studio\2022\Community\VC\Tools\MSVC\14.34.31933\include\type_traits(667,28): warning C5264: 'std::is_move_constructible_v<long double>': 'const' variable is not used
C:\Program Files\Microsoft Visual Studio\2022\Community\VC\Tools\MSVC\14.34.31933\include\type_traits(667,28): warning C5264: 'std::is_move_constructible_v<std::ios_base::iostate>': 'const' variable is not used
C:\Program Files\Microsoft Visual Studio\2022\Community\VC\Tools\MSVC\14.34.31933\include\type_traits(667,28): warning C5264: 'std::is_move_constructible_v<std::streamsize>': 'const' variable is not used
C:\Program Files\Microsoft Visual Studio\2022\Community\VC\Tools\MSVC\14.34.31933\include\type_traits(667,28): warning C5264: 'std::is_move_constructible_v<std::default_delete<std::_Facet_base>>': 'const' variable is not used
C:\Program Files\Microsoft Visual Studio\2022\Community\VC\Tools\MSVC\14.34.31933\include\type_traits(667,28): warning C5264: 'std::is_move_constructible_v<std::ios_base::_Iosarray*>': 'const' variable is not used
C:\Program Files\Microsoft Visual Studio\2022\Community\VC\Tools\MSVC\14.34.31933\include\type_traits(667,28): warning C5264: 'std::is_move_constructible_v<std::ios_base::_Fnarray*>': 'const' variable is not used
C:\Program Files\Microsoft Visual Studio\2022\Community\VC\Tools\MSVC\14.34.31933\include\type_traits(667,28): warning C5264: 'std::is_move_constructible_v<std::locale*>': 'const' variable is not used
C:\Program Files\Microsoft Visual Studio\2022\Community\VC\Tools\MSVC\14.34.31933\include\utility(114,45): warning C5264: 'std::piecewise_construct': 'const' variable is not used
C:\Program Files\Microsoft Visual Studio\2022\Community\VC\Tools\MSVC\14.34.31933\include\tuple(132,31): warning C5264: 'std::ignore': 'const' variable is not used
C:\Program Files\Microsoft Visual Studio\2022\Community\VC\Tools\MSVC\14.34.31933\include\compare(273,32): warning C5264: 'std::_Classify_category<std::weak_ordering>': 'const' variable is not used
C:\Program Files\Microsoft Visual Studio\2022\Community\VC\Tools\MSVC\14.34.31933\include\xtr1common(190,28): warning C5264: 'std::is_floating_point_v<double>': 'const' variable is not used
C:\Program Files\Microsoft Visual Studio\2022\Community\VC\Tools\MSVC\14.34.31933\include\xtr1common(190,28): warning C5264: 'std::is_floating_point_v<float>': 'const' variable is not used
C:\Program Files\Microsoft Visual Studio\2022\Community\VC\Tools\MSVC\14.34.31933\include\xtr1common(190,28): warning C5264: 'std::is_floating_point_v<long double>': 'const' variable is not used
C:\Program Files\Microsoft Visual Studio\2022\Community\VC\Tools\MSVC\14.34.31933\include\type_traits(716,28): warning C5264: 'std::is_move_assignable_v<double>': 'const' variable is not used
C:\Program Files\Microsoft Visual Studio\2022\Community\VC\Tools\MSVC\14.34.31933\include\type_traits(716,28): warning C5264: 'std::is_move_assignable_v<float>': 'const' variable is not used
C:\Program Files\Microsoft Visual Studio\2022\Community\VC\Tools\MSVC\14.34.31933\include\type_traits(716,28): warning C5264: 'std::is_move_assignable_v<long double>': 'const' variable is not used
C:\Program Files\Microsoft Visual Studio\2022\Community\VC\Tools\MSVC\14.34.31933\include\type_traits(716,28): warning C5264: 'std::is_move_assignable_v<std::ios_base::iostate>': 'const' variable is not used
C:\Program Files\Microsoft Visual Studio\2022\Community\VC\Tools\MSVC\14.34.31933\include\type_traits(716,28): warning C5264: 'std::is_move_assignable_v<std::streamsize>': 'const' variable is not used
C:\Program Files\Microsoft Visual Studio\2022\Community\VC\Tools\MSVC\14.34.31933\include\type_traits(716,28): warning C5264: 'std::is_move_assignable_v<std::ios_base::_Iosarray*>': 'const' variable is not used
C:\Program Files\Microsoft Visual Studio\2022\Community\VC\Tools\MSVC\14.34.31933\include\type_traits(716,28): warning C5264: 'std::is_move_assignable_v<std::ios_base::_Fnarray*>': 'const' variable is not used
C:\Program Files\Microsoft Visual Studio\2022\Community\VC\Tools\MSVC\14.34.31933\include\type_traits(716,28): warning C5264: 'std::is_move_assignable_v<std::locale*>': 'const' variable is not used
C:\Program Files\Microsoft Visual Studio\2022\Community\VC\Tools\MSVC\14.34.31933\include\xatomic_wait.h(22,42): warning C5264: '_Atomic_wait_no_deadline': 'const' variable is not used
  WizardRunes.vcxproj -> C:\Users\CCame\source\repos\WizardRunes\WizardRunes\x64\Debug\WizardRunes.exe
